[92254] [?25l[36m[1G━━━━━━━━━━━━━━━━━━━━━━━━━━━━━━━━━━━━━━━━━━━━━━━━━━━━━━━━━━━━━━━━━━━━━━━━━━━━━━━━━━━━━━━━━━━━━━━━━━━━━━━━━━━━━━━━━━━━━━━━━━━━━━━━━━━━━━━━━━━━━━━━━━━━━━━━━━━━━━━━━━━━━━━[1G[36m┏━━ [0;36mViewing theme…[0m [36m[166G[0m[?25h
[92254] [36m┃ [0m[0;33m*[0m Syncing theme #131723821283 on jean-charles-rochoux.myshopify.com
[92254] [36m┃ [0m[?25l[92254] [0m[46m  [1;47m                                                                                                                                                              [0m 0%  [92254] [1A[1G
[92254] [36m┃ [0m[0m[46m    [1;47m                                                                                                                                                            [0m 1%  [92254] [1A[1G
[92254] [36m┃ [0m[0m[46m     [1;47m                                                                                                                                                           [0m 2%  [92254] [1A[1G
[92254] [36m┃ [0m[0m[46m       [1;47m                                                                                                                                                         [0m 3%  [92254] [1A[1G
[92254] [36m┃ [0m[0m[46m        [1;47m                                                                                                                                                        [0m 4%  [92254] [1A[1G
[92254] [36m┃ [0m[0m[46m          [1;47m                                                                                                                                                      [0m 5%  [92254] [1A[1G
[92254] [36m┃ [0m[0m[46m           [1;47m                                                                                                                                                     [0m 6%  [92254] [1A[1G
[92254] [36m┃ [0m[0m[46m             [1;47m                                                                                                                                                   [0m 7%  [92254] [1A[1G
[92254] [36m┃ [0m[0m[46m              [1;47m                                                                                                                                                  [0m 8%  [92254] [1A[1G
[92254] [36m┃ [0m[0m[46m                [1;47m                                                                                                                                                [0m 9%  [92254] [1A[1G
[92254] [36m┃ [0m[0m[46m                 [1;47m                                                                                                                                               [0m 10% [92254] [1A[1G
[92254] [36m┃ [0m[0m[46m                   [1;47m                                                                                                                                             [0m 11% [92254] [1A[1G
[92254] [36m┃ [0m[0m[46m                    [1;47m                                                                                                                                            [0m 12% [92254] [1A[1G
[92254] [36m┃ [0m[0m[46m                      [1;47m                                                                                                                                          [0m 13% [92254] [1A[1G
[92254] [36m┃ [0m[0m[46m                       [1;47m                                                                                                                                         [0m 14% [92254] [1A[1G
[92254] [36m┃ [0m[0m[46m                         [1;47m                                                                                                                                       [0m 15% [92254] [1A[1G
[92254] [36m┃ [0m[0m[46m                          [1;47m                                                                                                                                      [0m 16% [92254] [1A[1G
[92254] [36m┃ [0m[0m[46m                            [1;47m                                                                                                                                    [0m 16% [92254] [1A[1G
[92254] [36m┃ [0m[0m[46m                             [1;47m                                                                                                                                   [0m 17% [92254] [1A[1G
[92254] [36m┃ [0m[0m[46m                               [1;47m                                                                                                                                 [0m 18% [92254] [1A[1G
[92254] [36m┃ [0m[0m[46m                                [1;47m                                                                                                                                [0m 19% [92254] [1A[1G
[92254] [36m┃ [0m[0m[46m                                  [1;47m                                                                                                                              [0m 20% [92254] [1A[1G
[92254] [36m┃ [0m[0m[46m                                   [1;47m                                                                                                                             [0m 21% [92254] [1A[1G
[92254] [36m┃ [0m[0m[46m                                     [1;47m                                                                                                                           [0m 22% [92254] [1A[1G
[92254] [36m┃ [0m[0m[46m                                      [1;47m                                                                                                                          [0m 23% [92254] [1A[1G
[92254] [36m┃ [0m[0m[46m                                        [1;47m                                                                                                                        [0m 24% [92254] [1A[1G
[92254] [36m┃ [0m[0m[46m                                         [1;47m                                                                                                                       [0m 25% [92254] [1A[1G
[92254] [36m┃ [0m[0m[46m                                           [1;47m                                                                                                                     [0m 26% [92254] [1A[1G
[92254] [36m┃ [0m[0m[46m                                            [1;47m                                                                                                                    [0m 27% [92254] [1A[1G
[92254] [36m┃ [0m[0m[46m                                              [1;47m                                                                                                                  [0m 28% [92254] [1A[1G
[92254] [36m┃ [0m[0m[46m                                               [1;47m                                                                                                                 [0m 29% [92254] [1A[1G
[92254] [36m┃ [0m[0m[46m                                                 [1;47m                                                                                                               [0m 30% [92254] [1A[1G
[92254] [36m┃ [0m[0m[46m                                                  [1;47m                                                                                                              [0m 31% [92254] [1A[1G
[92254] [36m┃ [0m[0m[46m                                                    [1;47m                                                                                                            [0m 32% [92254] [1A[1G
[92254] [36m┃ [0m[0m[46m                                                     [1;47m                                                                                                           [0m 33% [92254] [1A[1G
[92254] [36m┃ [0m[0m[46m                                                       [1;47m                                                                                                         [0m 33% [92254] [1A[1G
[92254] [36m┃ [0m[0m[46m                                                        [1;47m                                                                                                        [0m 34% [92254] [1A[1G
[92254] [36m┃ [0m[0m[46m                                                          [1;47m                                                                                                      [0m 35% [92254] [1A[1G
[92254] [36m┃ [0m[0m[46m                                                           [1;47m                                                                                                     [0m 36% [92254] [1A[1G
[92254] [36m┃ [0m[0m[46m                                                             [1;47m                                                                                                   [0m 37% [92254] [1A[1G
[92254] [36m┃ [0m[0m[46m                                                              [1;47m                                                                                                  [0m 38% [92254] [1A[1G
[92254] [36m┃ [0m[0m[46m                                                                [1;47m                                                                                                [0m 39% [92254] [1A[1G
[92254] [36m┃ [0m[0m[46m                                                                 [1;47m                                                                                               [0m 40% [92254] [1A[1G
[92254] [36m┃ [0m[0m[46m                                                                   [1;47m                                                                                             [0m 41% [92254] [1A[1G
[92254] [36m┃ [0m[0m[46m                                                                    [1;47m                                                                                            [0m 42% [92254] [1A[1G
[92254] [36m┃ [0m[0m[46m                                                                      [1;47m                                                                                          [0m 43% [92254] [1A[1G
[92254] [36m┃ [0m[0m[46m                                                                       [1;47m                                                                                         [0m 44% [92254] [1A[1G
[92254] [36m┃ [0m[0m[46m                                                                         [1;47m                                                                                       [0m 45% [92254] [1A[1G
[92254] [36m┃ [0m[0m[46m                                                                          [1;47m                                                                                      [0m 46% [92254] [1A[1G
[92254] [36m┃ [0m[0m[46m                                                                            [1;47m                                                                                    [0m 47% [92254] [1A[1G
[92254] [36m┃ [0m[0m[46m                                                                             [1;47m                                                                                   [0m 48% [92254] [1A[1G
[92254] [36m┃ [0m[0m[46m                                                                               [1;47m                                                                                 [0m 49% [92254] [1A[1G
[92254] [36m┃ [0m[0m[46m                                                                                [1;47m                                                                                [0m 50% [92254] [1A[1G
[92254] [36m┃ [0m[0m[46m                                                                                  [1;47m                                                                              [0m 50% [92254] [1A[1G
[92254] [36m┃ [0m[0m[46m                                                                                    [1;47m                                                                            [0m 51% [92254] [1A[1G
[92254] [36m┃ [0m[0m[46m                                                                                     [1;47m                                                                           [0m 52% [92254] [1A[1G
[92254] [36m┃ [0m[0m[46m                                                                                       [1;47m                                                                         [0m 53% [92254] [1A[1G
[92254] [36m┃ [0m[0m[46m                                                                                        [1;47m                                                                        [0m 54% [92254] [1A[1G
[92254] [36m┃ [0m[0m[46m                                                                                          [1;47m                                                                      [0m 55% [92254] [1A[1G
[92254] [36m┃ [0m[0m[46m                                                                                           [1;47m                                                                     [0m 56% [92254] [1A[1G
[92254] [36m┃ [0m[0m[46m                                                                                             [1;47m                                                                   [0m 57% [92254] [1A[1G
[92254] [36m┃ [0m[0m[46m                                                                                              [1;47m                                                                  [0m 58% [92254] [1A[1G
[92254] [36m┃ [0m[0m[46m                                                                                                [1;47m                                                                [0m 59% [92254] [1A[1G
[92254] [36m┃ [0m[0m[46m                                                                                                 [1;47m                                                               [0m 60% [92254] [1A[1G
[92254] [36m┃ [0m[0m[46m                                                                                                   [1;47m                                                             [0m 61% [92254] [1A[1G
[92254] [36m┃ [0m[0m[46m                                                                                                    [1;47m                                                            [0m 62% [92254] [1A[1G
[92254] [36m┃ [0m[0m[46m                                                                                                      [1;47m                                                          [0m 63% [92254] [1A[1G
[92254] [36m┃ [0m[0m[46m                                                                                                       [1;47m                                                         [0m 64% [92254] [1A[1G
[92254] [36m┃ [0m[0m[46m                                                                                                         [1;47m                                                       [0m 65% [92254] [1A[1G
[92254] [36m┃ [0m[0m[46m                                                                                                          [1;47m                                                      [0m 66% [92254] [1A[1G
[92254] [36m┃ [0m[0m[46m                                                                                                            [1;47m                                                    [0m 66% [92254] [1A[1G
[92254] [36m┃ [0m[0m[46m                                                                                                             [1;47m                                                   [0m 67% [92254] [1A[1G
[92254] [36m┃ [0m[0m[46m                                                                                                               [1;47m                                                 [0m 68% [92254] [1A[1G
[92254] [36m┃ [0m[0m[46m                                                                                                                [1;47m                                                [0m 69% [92254] [1A[1G
[92254] [36m┃ [0m[0m[46m                                                                                                                  [1;47m                                              [0m 70% [92254] [1A[1G
[92254] [36m┃ [0m[0m[46m                                                                                                                   [1;47m                                             [0m 71% [92254] [1A[1G
[92254] [36m┃ [0m[0m[46m                                                                                                                     [1;47m                                           [0m 72% [92254] [1A[1G
[92254] [36m┃ [0m[0m[46m                                                                                                                      [1;47m                                          [0m 73% [92254] [1A[1G
[92254] [36m┃ [0m[0m[46m                                                                                                                        [1;47m                                        [0m 74% [92254] [1A[1G
[92254] [36m┃ [0m[0m[46m                                                                                                                         [1;47m                                       [0m 75% [92254] [1A[1G
[92254] [36m┃ [0m[0m[46m                                                                                                                           [1;47m                                     [0m 76% [92254] [1A[1G
[92254] [36m┃ [0m[0m[46m                                                                                                                            [1;47m                                    [0m 77% [92254] [1A[1G
[92254] [36m┃ [0m[0m[46m                                                                                                                              [1;47m                                  [0m 78% [92254] [1A[1G
[92254] [36m┃ [0m[0m[46m                                                                                                                               [1;47m                                 [0m 79% [92254] [1A[1G
[92254] [36m┃ [0m[0m[46m                                                                                                                                 [1;47m                               [0m 80% [92254] [1A[1G
[92254] [36m┃ [0m[0m[46m                                                                                                                                  [1;47m                              [0m 81% [92254] [1A[1G
[92254] [36m┃ [0m[0m[46m                                                                                                                                    [1;47m                            [0m 82% [92254] [1A[1G
[92254] [36m┃ [0m[0m[46m                                                                                                                                     [1;47m                           [0m 83% [92254] [1A[1G
[92254] [36m┃ [0m[0m[46m                                                                                                                                       [1;47m                         [0m 83% [92254] [1A[1G
[92254] [36m┃ [0m[0m[46m                                                                                                                                        [1;47m                        [0m 84% [92254] [1A[1G
[92254] [36m┃ [0m[0m[46m                                                                                                                                          [1;47m                      [0m 85% [92254] [1A[1G
[92254] [36m┃ [0m[0m[46m                                                                                                                                           [1;47m                     [0m 86% [92254] [1A[1G
[92254] [36m┃ [0m[0m[46m                                                                                                                                             [1;47m                   [0m 87% [92254] [1A[1G
[92254] [36m┃ [0m[0m[46m                                                                                                                                              [1;47m                  [0m 88% [92254] [1A[1G
[92254] [36m┃ [0m[0m[46m                                                                                                                                                [1;47m                [0m 89% [92254] [1A[1G
[92254] [36m┃ [0m[0m[46m                                                                                                                                                 [1;47m               [0m 90% [92254] [1A[1G
[92254] [36m┃ [0m[0m[46m                                                                                                                                                   [1;47m             [0m 91% [92254] [1A[1G
[92254] [36m┃ [0m[0m[46m                                                                                                                                                    [1;47m            [0m 92% [92254] [1A[1G
[92254] [36m┃ [0m[0m[46m                                                                                                                                                       [1;47m         [0m 94% [92254] [1A[1G
[92254] [36m┃ [0m[0m[46m                                                                                                                                                         [1;47m       [0m 95% [92254] [1A[1G
[92254] [36m┃ [0m[0m[46m                                                                                                                                                          [1;47m      [0m 96% [92254] [1A[1G
[92254] [36m┃ [0m[0m[46m                                                                                                                                                            [1;47m    [0m 97% [92254] [1A[1G
[92254] [36m┃ [0m[0m[46m                                                                                                                                                             [1;47m   [0m 98% [92254] [1A[1G
[92254] [36m┃ [0m[0m[46m                                                                                                                                                               [1;47m [0m 99% [92254] [1A[1G
[92254] [36m┃ [0m[0m[46m                                                                                                                                                                [1;47m[0m 100%[92254] [1A[1G
[92254] [36m┃ [0m[0m[46m                                                                                                                                                                [1;47m[0m 100%
[92254] [?25h[92254] [36m┃ [0m[0m
[36m┃ [0mServing .
[36m┃ [0m
[92254] [36m┃ [0m[0mPlease open this URL in your browser:
[36m┃ [0m[0;32mhttp://127.0.0.1:9292[0m
[92254] [36m┃ [0m[0m
[36m┃ [0mCustomize this theme in the Online Store Editor:
[36m┃ [0m[0;32mhttps://jean-charles-rochoux.myshopify.com/admin/themes/131723821283/editor[0m
[36m┃ [0m
[36m┃ [0mShare this theme preview:
[36m┃ [0m[0;32mhttps://jean-charles-rochoux.myshopify.com/?preview_theme_id=131723821283[0m
[36m┃ [0m
[36m┃ [0m(Use Ctrl-C to stop)
[92254] [?25l[36m[1G━━━━━━━━━━━━━━━━━━━━━━━━━━━━━━━━━━━━━━━━━━━━━━━━━━━━━━━━━━━━━━━━━━━━━━━━━━━━━━━━━━━━━━━━━━━━━━━━━━━━━━━━━━━━━━━━━━━━━━━━━━━━━━━━━━━━━━━━━━━━━━━━━━━━━━━━━━━━━━━━━━━━━━━[1G[36m┗━━[36m[157G (36.9s) [0m[?25h
[0m13:39:14 [0;32mSynced[0m [0;33m»[0m [0;94mupdate assets/cursor-zoom-in.svg[0m
[0m13:39:14 [0;32mSynced[0m [0;33m»[0m [0;94mupdate assets/cursor-zoom-in-2x.svg[0m
[0m13:39:15 [0;32mSynced[0m [0;33m»[0m [0;94mupdate assets/custom.js[0m
[0m13:39:15 [0;32mSynced[0m [0;33m»[0m [0;94mupdate assets/ec-custom.css[0m
[0m13:39:16 [0;32mSynced[0m [0;33m»[0m [0;94mupdate assets/lazysizes.min.js[0m
[0m13:39:16 [0;32mSynced[0m [0;33m»[0m [0;94mupdate assets/ec-custom_bg.png[0m
[0m13:39:19 [0;32mSynced[0m [0;33m»[0m [0;94mupdate assets/password.jpg[0m
[0m13:39:19 [0;32mSynced[0m [0;33m»[0m [0;94mupdate assets/libs.min.js[0m
[0m13:39:20 [0;32mSynced[0m [0;33m»[0m [0;94mupdate assets/theme.css[0m
[0m13:39:21 [0;32mSynced[0m [0;33m»[0m [0;94mupdate assets/theme.js[0m
[0m13:45:01 [0;32mSynced[0m [0;33m»[0m [0;94mupdate sections/slideshow.liquid[0m
[0m13:45:23 [0;32mSynced[0m [0;33m»[0m [0;94mupdate sections/slideshow.liquid[0m
[92254] [0mStopping…
